<?xml version="1.0" encoding="utf-8" standalone="no"?>
<!--This file represents the results of running a test suite-->
<test-results name="E:\Dissertation project\BondAnalytics\BondAnalytics\bin\Debug\BondAnalytics.dll" total="0" errors="0" failures="0" not-run="0" inconclusive="0" ignored="0" skipped="0" invalid="0" date="2013-07-25" time="09:29:14">
  <environment nunit-version="2.6.2.12296" clr-version="2.0.50727.6407" os-version="Microsoft Windows NT 6.2.9200.0" platform="Win32NT" cwd="C:\Program Files (x86)\NUnit 2.6.2\bin" machine-name="QIN" user="Yuxin" user-domain="Qin" />
  <culture-info current-culture="en-US" current-uiculture="en-US" />
  <test-suite type="Assembly" name="E:\Dissertation project\BondAnalytics\BondAnalytics\bin\Debug\BondAnalytics.dll" executed="True" result="Inconclusive" success="False" time="0.024" asserts="0" />
</test-results>